[6.747s] Invoking command in '/home/pi/przejsciowka/src/py_listentalk': PYTHONPATH=/home/pi/przejsciowka/build/py_listentalk/prefix_override:/home/pi/przejsciowka/install/py_listentalk/lib/python3.10/site-packages:${PYTHONPATH} /usr/bin/python3 setup.py egg_info --egg-base ../../build/py_listentalk build --build-base /home/pi/przejsciowka/build/py_listentalk/build install --record /home/pi/przejsciowka/build/py_listentalk/install.log --single-version-externally-managed
[8.944s] running egg_info
[8.949s] creating ../../build/py_listentalk/py_listentalk.egg-info
[8.951s] writing ../../build/py_listentalk/py_listentalk.egg-info/PKG-INFO
[8.953s] writing dependency_links to ../../build/py_listentalk/py_listentalk.egg-info/dependency_links.txt
[8.955s] writing entry points to ../../build/py_listentalk/py_listentalk.egg-info/entry_points.txt
[8.956s] writing requirements to ../../build/py_listentalk/py_listentalk.egg-info/requires.txt
[8.958s] writing top-level names to ../../build/py_listentalk/py_listentalk.egg-info/top_level.txt
[8.960s] writing manifest file '../../build/py_listentalk/py_listentalk.egg-info/SOURCES.txt'
[8.974s] reading manifest file '../../build/py_listentalk/py_listentalk.egg-info/SOURCES.txt'
[8.982s] writing manifest file '../../build/py_listentalk/py_listentalk.egg-info/SOURCES.txt'
[8.984s] running build
[8.986s] running build_py
[8.988s] creating /home/pi/przejsciowka/build/py_listentalk/build
[8.989s] creating /home/pi/przejsciowka/build/py_listentalk/build/lib
[8.990s] creating /home/pi/przejsciowka/build/py_listentalk/build/lib/py_listentalk
[8.991s] copying py_listentalk/publisher_member_function.py -> /home/pi/przejsciowka/build/py_listentalk/build/lib/py_listentalk
[8.992s] copying py_listentalk/__init__.py -> /home/pi/przejsciowka/build/py_listentalk/build/lib/py_listentalk
[8.994s] running install
[8.997s] /usr/lib/python3/dist-packages/setuptools/command/install.py:34: SetuptoolsDeprecationWarning: setup.py install is deprecated. Use build and pip and other standards-based tools.
[8.998s]   warnings.warn(
[9.000s] running install_lib
[9.008s] creating /home/pi/przejsciowka/install/py_listentalk/lib/python3.10/site-packages/py_listentalk
[9.009s] copying /home/pi/przejsciowka/build/py_listentalk/build/lib/py_listentalk/publisher_member_function.py -> /home/pi/przejsciowka/install/py_listentalk/lib/python3.10/site-packages/py_listentalk
[9.011s] copying /home/pi/przejsciowka/build/py_listentalk/build/lib/py_listentalk/__init__.py -> /home/pi/przejsciowka/install/py_listentalk/lib/python3.10/site-packages/py_listentalk
[9.016s] byte-compiling /home/pi/przejsciowka/install/py_listentalk/lib/python3.10/site-packages/py_listentalk/publisher_member_function.py to publisher_member_function.cpython-310.pyc
[9.020s] byte-compiling /home/pi/przejsciowka/install/py_listentalk/lib/python3.10/site-packages/py_listentalk/__init__.py to __init__.cpython-310.pyc
[9.022s] running install_data
[9.027s] creating /home/pi/przejsciowka/install/py_listentalk/share/ament_index
[9.029s] creating /home/pi/przejsciowka/install/py_listentalk/share/ament_index/resource_index
[9.030s] creating /home/pi/przejsciowka/install/py_listentalk/share/ament_index/resource_index/packages
[9.032s] copying resource/py_listentalk -> /home/pi/przejsciowka/install/py_listentalk/share/ament_index/resource_index/packages
[9.033s] copying package.xml -> /home/pi/przejsciowka/install/py_listentalk/share/py_listentalk
[9.034s] running install_egg_info
[9.046s] Copying ../../build/py_listentalk/py_listentalk.egg-info to /home/pi/przejsciowka/install/py_listentalk/lib/python3.10/site-packages/py_listentalk-0.0.0-py3.10.egg-info
[9.060s] running install_scripts
[9.243s] Installing talker script to /home/pi/przejsciowka/install/py_listentalk/lib/py_listentalk
[9.246s] writing list of installed files to '/home/pi/przejsciowka/build/py_listentalk/install.log'
[9.493s] Invoked command in '/home/pi/przejsciowka/src/py_listentalk' returned '0': PYTHONPATH=/home/pi/przejsciowka/build/py_listentalk/prefix_override:/home/pi/przejsciowka/install/py_listentalk/lib/python3.10/site-packages:${PYTHONPATH} /usr/bin/python3 setup.py egg_info --egg-base ../../build/py_listentalk build --build-base /home/pi/przejsciowka/build/py_listentalk/build install --record /home/pi/przejsciowka/build/py_listentalk/install.log --single-version-externally-managed
