[3.011s] DEBUG:colcon:Command line arguments: ['/usr/bin/colcon', 'build', '--packages-select', 'py_listentalk']
[3.012s] DEBUG:colcon:Parsed command line arguments: Namespace(log_base=None, log_level=None, verb_name='build', build_base='build', install_base='install', merge_install=False, symlink_install=False, test_result_base=None, continue_on_error=False, executor='parallel', parallel_workers=4, event_handlers=None, ignore_user_meta=False, metas=['./colcon.meta'], base_paths=['.'], packages_ignore=None, packages_ignore_regex=None, paths=None, packages_up_to=None, packages_up_to_regex=None, packages_above=None, packages_above_and_dependencies=None, packages_above_depth=None, packages_select_by_dep=None, packages_skip_by_dep=None, packages_skip_up_to=None, packages_select_build_failed=False, packages_skip_build_finished=False, packages_select_test_failures=False, packages_skip_test_passed=False, packages_select=['py_listentalk'], packages_skip=None, packages_select_regex=None, packages_skip_regex=None, packages_start=None, packages_end=None, allow_overriding=[], cmake_args=None, cmake_target=None, cmake_target_skip_unavailable=False, cmake_clean_cache=False, cmake_clean_first=False, cmake_force_configure=False, ament_cmake_args=None, catkin_cmake_args=None, catkin_skip_building_tests=False, verb_parser=<colcon_defaults.argument_parser.defaults.DefaultArgumentsDecorator object at 0xffffa68c8f70>, verb_extension=<colcon_core.verb.build.BuildVerb object at 0xffffa72fea40>, main=<bound method BuildVerb.main of <colcon_core.verb.build.BuildVerb object at 0xffffa72fea40>>)
[3.327s] Level 1:colcon.colcon_core.package_discovery:discover_packages(colcon_meta) check parameters
[3.328s] Level 1:colcon.colcon_core.package_discovery:discover_packages(recursive) check parameters
[3.328s] Level 1:colcon.colcon_core.package_discovery:discover_packages(ignore) check parameters
[3.328s] Level 1:colcon.colcon_core.package_discovery:discover_packages(path) check parameters
[3.328s] Level 1:colcon.colcon_core.package_discovery:discover_packages(colcon_meta) discover
[3.329s] Level 1:colcon.colcon_core.package_discovery:discover_packages(recursive) discover
[3.329s] INFO:colcon.colcon_core.package_discovery:Crawling recursively for packages in '/home/pi/przejsciowka'
[3.330s] Level 1:colcon.colcon_core.package_identification:_identify(.) by extensions ['ignore', 'ignore_ament_install']
[3.331s] Level 1:colcon.colcon_core.package_identification:_identify(.) by extension 'ignore'
[3.332s] Level 1:colcon.colcon_core.package_identification:_identify(.) by extension 'ignore_ament_install'
[3.332s] Level 1:colcon.colcon_core.package_identification:_identify(.) by extensions ['colcon_pkg']
[3.332s] Level 1:colcon.colcon_core.package_identification:_identify(.) by extension 'colcon_pkg'
[3.333s] Level 1:colcon.colcon_core.package_identification:_identify(.) by extensions ['colcon_meta']
[3.333s] Level 1:colcon.colcon_core.package_identification:_identify(.) by extension 'colcon_meta'
[3.334s] Level 1:colcon.colcon_core.package_identification:_identify(.) by extensions ['ros']
[3.334s] Level 1:colcon.colcon_core.package_identification:_identify(.) by extension 'ros'
[3.438s] Level 1:colcon.colcon_core.package_identification:_identify(.) by extensions ['cmake', 'python']
[3.439s] Level 1:colcon.colcon_core.package_identification:_identify(.) by extension 'cmake'
[3.439s] Level 1:colcon.colcon_core.package_identification:_identify(.) by extension 'python'
[3.439s] Level 1:colcon.colcon_core.package_identification:_identify(.) by extensions ['python_setup_py']
[3.440s] Level 1:colcon.colcon_core.package_identification:_identify(.) by extension 'python_setup_py'
[3.441s] Level 1:colcon.colcon_core.package_identification:_identify(build) by extensions ['ignore', 'ignore_ament_install']
[3.442s] Level 1:colcon.colcon_core.package_identification:_identify(build) by extension 'ignore'
[3.442s] Level 1:colcon.colcon_core.package_identification:_identify(build) ignored
[3.443s] Level 1:colcon.colcon_core.package_identification:_identify(install) by extensions ['ignore', 'ignore_ament_install']
[3.444s] Level 1:colcon.colcon_core.package_identification:_identify(install) by extension 'ignore'
[3.445s] Level 1:colcon.colcon_core.package_identification:_identify(install) ignored
[3.446s] Level 1:colcon.colcon_core.package_identification:_identify(log) by extensions ['ignore', 'ignore_ament_install']
[3.447s] Level 1:colcon.colcon_core.package_identification:_identify(log) by extension 'ignore'
[3.447s] Level 1:colcon.colcon_core.package_identification:_identify(log) ignored
[3.448s] Level 1:colcon.colcon_core.package_identification:_identify(src) by extensions ['ignore', 'ignore_ament_install']
[3.449s] Level 1:colcon.colcon_core.package_identification:_identify(src) by extension 'ignore'
[3.449s] Level 1:colcon.colcon_core.package_identification:_identify(src) by extension 'ignore_ament_install'
[3.450s] Level 1:colcon.colcon_core.package_identification:_identify(src) by extensions ['colcon_pkg']
[3.450s] Level 1:colcon.colcon_core.package_identification:_identify(src) by extension 'colcon_pkg'
[3.451s] Level 1:colcon.colcon_core.package_identification:_identify(src) by extensions ['colcon_meta']
[3.451s] Level 1:colcon.colcon_core.package_identification:_identify(src) by extension 'colcon_meta'
[3.451s] Level 1:colcon.colcon_core.package_identification:_identify(src) by extensions ['ros']
[3.452s] Level 1:colcon.colcon_core.package_identification:_identify(src) by extension 'ros'
[3.452s] Level 1:colcon.colcon_core.package_identification:_identify(src) by extensions ['cmake', 'python']
[3.453s] Level 1:colcon.colcon_core.package_identification:_identify(src) by extension 'cmake'
[3.453s] Level 1:colcon.colcon_core.package_identification:_identify(src) by extension 'python'
[3.454s] Level 1:colcon.colcon_core.package_identification:_identify(src) by extensions ['python_setup_py']
[3.454s] Level 1:colcon.colcon_core.package_identification:_identify(src) by extension 'python_setup_py'
[3.455s] Level 1:colcon.colcon_core.package_identification:_identify(src/py_listentalk) by extensions ['ignore', 'ignore_ament_install']
[3.456s] Level 1:colcon.colcon_core.package_identification:_identify(src/py_listentalk) by extension 'ignore'
[3.457s] Level 1:colcon.colcon_core.package_identification:_identify(src/py_listentalk) by extension 'ignore_ament_install'
[3.457s] Level 1:colcon.colcon_core.package_identification:_identify(src/py_listentalk) by extensions ['colcon_pkg']
[3.458s] Level 1:colcon.colcon_core.package_identification:_identify(src/py_listentalk) by extension 'colcon_pkg'
[3.458s] Level 1:colcon.colcon_core.package_identification:_identify(src/py_listentalk) by extensions ['colcon_meta']
[3.458s] Level 1:colcon.colcon_core.package_identification:_identify(src/py_listentalk) by extension 'colcon_meta'
[3.459s] Level 1:colcon.colcon_core.package_identification:_identify(src/py_listentalk) by extensions ['ros']
[3.459s] Level 1:colcon.colcon_core.package_identification:_identify(src/py_listentalk) by extension 'ros'
[3.489s] DEBUG:colcon.colcon_core.package_identification:Package 'src/py_listentalk' with type 'ros.ament_python' and name 'py_listentalk'
[3.490s] Level 1:colcon.colcon_core.package_discovery:discover_packages(recursive) using defaults
[3.490s] Level 1:colcon.colcon_core.package_discovery:discover_packages(ignore) discover
[3.491s] Level 1:colcon.colcon_core.package_discovery:discover_packages(ignore) using defaults
[3.491s] Level 1:colcon.colcon_core.package_discovery:discover_packages(path) discover
[3.491s] Level 1:colcon.colcon_core.package_discovery:discover_packages(path) using defaults
[3.711s] Level 1:colcon.colcon_core.package_discovery:discover_packages(prefix_path) check parameters
[3.712s] Level 1:colcon.colcon_core.package_discovery:discover_packages(prefix_path) discover
[3.747s] DEBUG:colcon.colcon_installed_package_information.package_discovery:Found 180 installed packages in /opt/ros/humble
[3.758s] Level 1:colcon.colcon_core.package_discovery:discover_packages(prefix_path) using defaults
[4.188s] Level 5:colcon.colcon_core.verb:set package 'py_listentalk' build argument 'cmake_args' from command line to 'None'
[4.189s] Level 5:colcon.colcon_core.verb:set package 'py_listentalk' build argument 'cmake_target' from command line to 'None'
[4.189s] Level 5:colcon.colcon_core.verb:set package 'py_listentalk' build argument 'cmake_target_skip_unavailable' from command line to 'False'
[4.190s] Level 5:colcon.colcon_core.verb:set package 'py_listentalk' build argument 'cmake_clean_cache' from command line to 'False'
[4.190s] Level 5:colcon.colcon_core.verb:set package 'py_listentalk' build argument 'cmake_clean_first' from command line to 'False'
[4.190s] Level 5:colcon.colcon_core.verb:set package 'py_listentalk' build argument 'cmake_force_configure' from command line to 'False'
[4.190s] Level 5:colcon.colcon_core.verb:set package 'py_listentalk' build argument 'ament_cmake_args' from command line to 'None'
[4.191s] Level 5:colcon.colcon_core.verb:set package 'py_listentalk' build argument 'catkin_cmake_args' from command line to 'None'
[4.191s] Level 5:colcon.colcon_core.verb:set package 'py_listentalk' build argument 'catkin_skip_building_tests' from command line to 'False'
[4.191s] DEBUG:colcon.colcon_core.verb:Building package 'py_listentalk' with the following arguments: {'ament_cmake_args': None, 'build_base': '/home/pi/przejsciowka/build/py_listentalk', 'catkin_cmake_args': None, 'catkin_skip_building_tests': False, 'cmake_args': None, 'cmake_clean_cache': False, 'cmake_clean_first': False, 'cmake_force_configure': False, 'cmake_target': None, 'cmake_target_skip_unavailable': False, 'install_base': '/home/pi/przejsciowka/install/py_listentalk', 'merge_install': False, 'path': '/home/pi/przejsciowka/src/py_listentalk', 'symlink_install': False, 'test_result_base': None}
[4.197s] INFO:colcon.colcon_core.executor:Executing jobs using 'parallel' executor
[4.225s] DEBUG:colcon.colcon_parallel_executor.executor.parallel:run_until_complete
[4.227s] INFO:colcon.colcon_ros.task.ament_python.build:Building ROS package in '/home/pi/przejsciowka/src/py_listentalk' with build type 'ament_python'
[4.229s] Level 1:colcon.colcon_core.shell:create_environment_hook('py_listentalk', 'ament_prefix_path')
[4.270s] INFO:colcon.colcon_core.plugin_system:Skipping extension 'colcon_core.shell.bat': Not used on non-Windows systems
[4.273s] INFO:colcon.colcon_core.shell:Creating environment hook '/home/pi/przejsciowka/install/py_listentalk/share/py_listentalk/hook/ament_prefix_path.ps1'
[4.279s] INFO:colcon.colcon_core.shell:Creating environment descriptor '/home/pi/przejsciowka/install/py_listentalk/share/py_listentalk/hook/ament_prefix_path.dsv'
[4.285s] INFO:colcon.colcon_core.shell:Creating environment hook '/home/pi/przejsciowka/install/py_listentalk/share/py_listentalk/hook/ament_prefix_path.sh'
[4.303s] INFO:colcon.colcon_core.shell:Skip shell extension 'powershell' for command environment: Not usable outside of PowerShell
[4.303s] DEBUG:colcon.colcon_core.shell:Skip shell extension 'dsv' for command environment
[6.848s] INFO:colcon.colcon_core.task.python.build:Building Python package in '/home/pi/przejsciowka/src/py_listentalk'
[6.863s] INFO:colcon.colcon_core.shell:Skip shell extension 'powershell' for command environment: Not usable outside of PowerShell
[6.864s] DEBUG:colcon.colcon_core.shell:Skip shell extension 'dsv' for command environment
[10.982s] DEBUG:colcon.colcon_core.event_handler.log_command:Invoking command in '/home/pi/przejsciowka/src/py_listentalk': PYTHONPATH=/home/pi/przejsciowka/build/py_listentalk/prefix_override:/home/pi/przejsciowka/install/py_listentalk/lib/python3.10/site-packages:${PYTHONPATH} /usr/bin/python3 setup.py egg_info --egg-base ../../build/py_listentalk build --build-base /home/pi/przejsciowka/build/py_listentalk/build install --record /home/pi/przejsciowka/build/py_listentalk/install.log --single-version-externally-managed
[13.728s] DEBUG:colcon.colcon_core.event_handler.log_command:Invoked command in '/home/pi/przejsciowka/src/py_listentalk' returned '0': PYTHONPATH=/home/pi/przejsciowka/build/py_listentalk/prefix_override:/home/pi/przejsciowka/install/py_listentalk/lib/python3.10/site-packages:${PYTHONPATH} /usr/bin/python3 setup.py egg_info --egg-base ../../build/py_listentalk build --build-base /home/pi/przejsciowka/build/py_listentalk/build install --record /home/pi/przejsciowka/build/py_listentalk/install.log --single-version-externally-managed
[13.776s] Level 1:colcon.colcon_core.environment:checking '/home/pi/przejsciowka/install/py_listentalk' for CMake module files
[13.781s] Level 1:colcon.colcon_core.environment:checking '/home/pi/przejsciowka/install/py_listentalk' for CMake config files
[13.788s] Level 1:colcon.colcon_core.environment:checking '/home/pi/przejsciowka/install/py_listentalk/lib'
[13.790s] Level 1:colcon.colcon_core.environment:checking '/home/pi/przejsciowka/install/py_listentalk/bin'
[13.791s] Level 1:colcon.colcon_core.environment:checking '/home/pi/przejsciowka/install/py_listentalk/lib/pkgconfig/py_listentalk.pc'
[13.793s] Level 1:colcon.colcon_core.environment:checking '/home/pi/przejsciowka/install/py_listentalk/lib/python3.10/site-packages'
[13.794s] Level 1:colcon.colcon_core.shell:create_environment_hook('py_listentalk', 'pythonpath')
[13.805s] INFO:colcon.colcon_core.shell:Creating environment hook '/home/pi/przejsciowka/install/py_listentalk/share/py_listentalk/hook/pythonpath.ps1'
[13.808s] INFO:colcon.colcon_core.shell:Creating environment descriptor '/home/pi/przejsciowka/install/py_listentalk/share/py_listentalk/hook/pythonpath.dsv'
[13.813s] INFO:colcon.colcon_core.shell:Creating environment hook '/home/pi/przejsciowka/install/py_listentalk/share/py_listentalk/hook/pythonpath.sh'
[13.819s] Level 1:colcon.colcon_core.environment:checking '/home/pi/przejsciowka/install/py_listentalk/bin'
[13.819s] Level 1:colcon.colcon_core.environment:create_environment_scripts_only(py_listentalk)
[13.831s] INFO:colcon.colcon_core.shell:Creating package script '/home/pi/przejsciowka/install/py_listentalk/share/py_listentalk/package.ps1'
[13.840s] INFO:colcon.colcon_core.shell:Creating package descriptor '/home/pi/przejsciowka/install/py_listentalk/share/py_listentalk/package.dsv'
[13.846s] INFO:colcon.colcon_core.shell:Creating package script '/home/pi/przejsciowka/install/py_listentalk/share/py_listentalk/package.sh'
[13.854s] INFO:colcon.colcon_core.shell:Creating package script '/home/pi/przejsciowka/install/py_listentalk/share/py_listentalk/package.bash'
[13.862s] INFO:colcon.colcon_core.shell:Creating package script '/home/pi/przejsciowka/install/py_listentalk/share/py_listentalk/package.zsh'
[13.869s] Level 1:colcon.colcon_core.environment:create_file_with_runtime_dependencies(/home/pi/przejsciowka/install/py_listentalk/share/colcon-core/packages/py_listentalk)
[13.872s] DEBUG:colcon.colcon_parallel_executor.executor.parallel:closing loop
[13.874s] DEBUG:colcon.colcon_parallel_executor.executor.parallel:loop closed
[13.875s] DEBUG:colcon.colcon_parallel_executor.executor.parallel:run_until_complete finished with '0'
[13.876s] DEBUG:colcon.colcon_core.event_reactor:joining thread
[13.923s] INFO:colcon.colcon_core.plugin_system:Skipping extension 'colcon_notification.desktop_notification.notify_send': Could not find 'notify-send'
[13.924s] INFO:colcon.colcon_core.plugin_system:Skipping extension 'colcon_notification.desktop_notification.terminal_notifier': Not used on non-Darwin systems
[13.924s] INFO:colcon.colcon_core.plugin_system:Skipping extension 'colcon_notification.desktop_notification.win32': Not used on non-Windows systems
[13.925s] INFO:colcon.colcon_notification.desktop_notification:Sending desktop notification using 'notify2'
[13.931s] DEBUG:colcon.colcon_notification.desktop_notification.notify2:Failed to initialize notify2: org.freedesktop.DBus.Error.ServiceUnknown: The name org.freedesktop.Notifications was not provided by any .service files
[13.932s] DEBUG:colcon.colcon_core.event_reactor:joined thread
[13.944s] INFO:colcon.colcon_core.shell:Creating prefix script '/home/pi/przejsciowka/install/local_setup.ps1'
[13.953s] INFO:colcon.colcon_core.shell:Creating prefix util module '/home/pi/przejsciowka/install/_local_setup_util_ps1.py'
[13.965s] INFO:colcon.colcon_core.shell:Creating prefix chain script '/home/pi/przejsciowka/install/setup.ps1'
[13.977s] INFO:colcon.colcon_core.shell:Creating prefix script '/home/pi/przejsciowka/install/local_setup.sh'
[13.983s] INFO:colcon.colcon_core.shell:Creating prefix util module '/home/pi/przejsciowka/install/_local_setup_util_sh.py'
[13.987s] INFO:colcon.colcon_core.shell:Creating prefix chain script '/home/pi/przejsciowka/install/setup.sh'
[13.999s] INFO:colcon.colcon_core.shell:Creating prefix script '/home/pi/przejsciowka/install/local_setup.bash'
[14.003s] INFO:colcon.colcon_core.shell:Creating prefix chain script '/home/pi/przejsciowka/install/setup.bash'
[14.015s] INFO:colcon.colcon_core.shell:Creating prefix script '/home/pi/przejsciowka/install/local_setup.zsh'
[14.020s] INFO:colcon.colcon_core.shell:Creating prefix chain script '/home/pi/przejsciowka/install/setup.zsh'
