[3.027s] DEBUG:colcon:Command line arguments: ['/usr/bin/colcon', 'build', '--packages-select', 'py_listentalk']
[3.028s] DEBUG:colcon:Parsed command line arguments: Namespace(log_base=None, log_level=None, verb_name='build', build_base='build', install_base='install', merge_install=False, symlink_install=False, test_result_base=None, continue_on_error=False, executor='parallel', parallel_workers=4, event_handlers=None, ignore_user_meta=False, metas=['./colcon.meta'], base_paths=['.'], packages_ignore=None, packages_ignore_regex=None, paths=None, packages_up_to=None, packages_up_to_regex=None, packages_above=None, packages_above_and_dependencies=None, packages_above_depth=None, packages_select_by_dep=None, packages_skip_by_dep=None, packages_skip_up_to=None, packages_select_build_failed=False, packages_skip_build_finished=False, packages_select_test_failures=False, packages_skip_test_passed=False, packages_select=['py_listentalk'], packages_skip=None, packages_select_regex=None, packages_skip_regex=None, packages_start=None, packages_end=None, allow_overriding=[], cmake_args=None, cmake_target=None, cmake_target_skip_unavailable=False, cmake_clean_cache=False, cmake_clean_first=False, cmake_force_configure=False, ament_cmake_args=None, catkin_cmake_args=None, catkin_skip_building_tests=False, verb_parser=<colcon_defaults.argument_parser.defaults.DefaultArgumentsDecorator object at 0xffffad615090>, verb_extension=<colcon_core.verb.build.BuildVerb object at 0xffffae04ea70>, main=<bound method BuildVerb.main of <colcon_core.verb.build.BuildVerb object at 0xffffae04ea70>>)
[3.343s] Level 1:colcon.colcon_core.package_discovery:discover_packages(colcon_meta) check parameters
[3.344s] Level 1:colcon.colcon_core.package_discovery:discover_packages(recursive) check parameters
[3.345s] Level 1:colcon.colcon_core.package_discovery:discover_packages(ignore) check parameters
[3.345s] Level 1:colcon.colcon_core.package_discovery:discover_packages(path) check parameters
[3.346s] Level 1:colcon.colcon_core.package_discovery:discover_packages(colcon_meta) discover
[3.346s] Level 1:colcon.colcon_core.package_discovery:discover_packages(recursive) discover
[3.347s] INFO:colcon.colcon_core.package_discovery:Crawling recursively for packages in '/home/pi/przejsciowka/src/py_listentalk/py_listentalk'
[3.348s] Level 1:colcon.colcon_core.package_identification:_identify(.) by extensions ['ignore', 'ignore_ament_install']
[3.349s] Level 1:colcon.colcon_core.package_identification:_identify(.) by extension 'ignore'
[3.349s] Level 1:colcon.colcon_core.package_identification:_identify(.) by extension 'ignore_ament_install'
[3.350s] Level 1:colcon.colcon_core.package_identification:_identify(.) by extensions ['colcon_pkg']
[3.350s] Level 1:colcon.colcon_core.package_identification:_identify(.) by extension 'colcon_pkg'
[3.351s] Level 1:colcon.colcon_core.package_identification:_identify(.) by extensions ['colcon_meta']
[3.351s] Level 1:colcon.colcon_core.package_identification:_identify(.) by extension 'colcon_meta'
[3.352s] Level 1:colcon.colcon_core.package_identification:_identify(.) by extensions ['ros']
[3.352s] Level 1:colcon.colcon_core.package_identification:_identify(.) by extension 'ros'
[3.457s] Level 1:colcon.colcon_core.package_identification:_identify(.) by extensions ['cmake', 'python']
[3.457s] Level 1:colcon.colcon_core.package_identification:_identify(.) by extension 'cmake'
[3.458s] Level 1:colcon.colcon_core.package_identification:_identify(.) by extension 'python'
[3.458s] Level 1:colcon.colcon_core.package_identification:_identify(.) by extensions ['python_setup_py']
[3.459s] Level 1:colcon.colcon_core.package_identification:_identify(.) by extension 'python_setup_py'
[3.460s] Level 1:colcon.colcon_core.package_identification:_identify(build) by extensions ['ignore', 'ignore_ament_install']
[3.461s] Level 1:colcon.colcon_core.package_identification:_identify(build) by extension 'ignore'
[3.462s] Level 1:colcon.colcon_core.package_identification:_identify(build) ignored
[3.463s] Level 1:colcon.colcon_core.package_identification:_identify(install) by extensions ['ignore', 'ignore_ament_install']
[3.464s] Level 1:colcon.colcon_core.package_identification:_identify(install) by extension 'ignore'
[3.465s] Level 1:colcon.colcon_core.package_identification:_identify(install) ignored
[3.466s] Level 1:colcon.colcon_core.package_identification:_identify(log) by extensions ['ignore', 'ignore_ament_install']
[3.467s] Level 1:colcon.colcon_core.package_identification:_identify(log) by extension 'ignore'
[3.468s] Level 1:colcon.colcon_core.package_identification:_identify(log) ignored
[3.468s] Level 1:colcon.colcon_core.package_discovery:discover_packages(recursive) using defaults
[3.469s] Level 1:colcon.colcon_core.package_discovery:discover_packages(ignore) discover
[3.469s] Level 1:colcon.colcon_core.package_discovery:discover_packages(ignore) using defaults
[3.469s] Level 1:colcon.colcon_core.package_discovery:discover_packages(path) discover
[3.470s] Level 1:colcon.colcon_core.package_discovery:discover_packages(path) using defaults
[3.481s] WARNING:colcon.colcon_core.package_selection:ignoring unknown package 'py_listentalk' in --packages-select
[3.687s] Level 1:colcon.colcon_core.package_discovery:discover_packages(prefix_path) check parameters
[3.687s] Level 1:colcon.colcon_core.package_discovery:discover_packages(prefix_path) discover
[3.724s] DEBUG:colcon.colcon_installed_package_information.package_discovery:Found 180 installed packages in /opt/ros/humble
[3.735s] Level 1:colcon.colcon_core.package_discovery:discover_packages(prefix_path) using defaults
[4.160s] INFO:colcon.colcon_core.executor:Executing jobs using 'parallel' executor
[4.188s] DEBUG:colcon.colcon_parallel_executor.executor.parallel:run_until_complete
[4.190s] DEBUG:colcon.colcon_parallel_executor.executor.parallel:closing loop
[4.192s] DEBUG:colcon.colcon_parallel_executor.executor.parallel:loop closed
[4.192s] DEBUG:colcon.colcon_parallel_executor.executor.parallel:run_until_complete finished with '0'
[4.193s] DEBUG:colcon.colcon_core.event_reactor:joining thread
[4.244s] INFO:colcon.colcon_core.plugin_system:Skipping extension 'colcon_notification.desktop_notification.notify_send': Could not find 'notify-send'
[4.245s] INFO:colcon.colcon_core.plugin_system:Skipping extension 'colcon_notification.desktop_notification.terminal_notifier': Not used on non-Darwin systems
[4.246s] INFO:colcon.colcon_core.plugin_system:Skipping extension 'colcon_notification.desktop_notification.win32': Not used on non-Windows systems
[4.247s] INFO:colcon.colcon_notification.desktop_notification:Sending desktop notification using 'notify2'
[4.252s] DEBUG:colcon.colcon_notification.desktop_notification.notify2:Failed to initialize notify2: org.freedesktop.DBus.Error.ServiceUnknown: The name org.freedesktop.Notifications was not provided by any .service files
[4.253s] DEBUG:colcon.colcon_core.event_reactor:joined thread
[4.293s] INFO:colcon.colcon_core.plugin_system:Skipping extension 'colcon_core.shell.bat': Not used on non-Windows systems
[4.296s] INFO:colcon.colcon_core.shell:Creating prefix script '/home/pi/przejsciowka/src/py_listentalk/py_listentalk/install/local_setup.ps1'
[4.304s] INFO:colcon.colcon_core.shell:Creating prefix util module '/home/pi/przejsciowka/src/py_listentalk/py_listentalk/install/_local_setup_util_ps1.py'
[4.318s] INFO:colcon.colcon_core.shell:Creating prefix chain script '/home/pi/przejsciowka/src/py_listentalk/py_listentalk/install/setup.ps1'
[4.329s] INFO:colcon.colcon_core.shell:Creating prefix script '/home/pi/przejsciowka/src/py_listentalk/py_listentalk/install/local_setup.sh'
[4.335s] INFO:colcon.colcon_core.shell:Creating prefix util module '/home/pi/przejsciowka/src/py_listentalk/py_listentalk/install/_local_setup_util_sh.py'
[4.340s] INFO:colcon.colcon_core.shell:Creating prefix chain script '/home/pi/przejsciowka/src/py_listentalk/py_listentalk/install/setup.sh'
[4.352s] INFO:colcon.colcon_core.shell:Creating prefix script '/home/pi/przejsciowka/src/py_listentalk/py_listentalk/install/local_setup.bash'
[4.358s] INFO:colcon.colcon_core.shell:Creating prefix chain script '/home/pi/przejsciowka/src/py_listentalk/py_listentalk/install/setup.bash'
[4.369s] INFO:colcon.colcon_core.shell:Creating prefix script '/home/pi/przejsciowka/src/py_listentalk/py_listentalk/install/local_setup.zsh'
[4.375s] INFO:colcon.colcon_core.shell:Creating prefix chain script '/home/pi/przejsciowka/src/py_listentalk/py_listentalk/install/setup.zsh'
