[6.769s] DEBUG:colcon:Command line arguments: ['/usr/bin/colcon', 'build', '--packages-select', 'py_listentalk']
[6.770s] DEBUG:colcon:Parsed command line arguments: Namespace(log_base=None, log_level=None, verb_name='build', build_base='build', install_base='install', merge_install=False, symlink_install=False, test_result_base=None, continue_on_error=False, executor='parallel', parallel_workers=4, event_handlers=None, ignore_user_meta=False, metas=['./colcon.meta'], base_paths=['.'], packages_ignore=None, packages_ignore_regex=None, paths=None, packages_up_to=None, packages_up_to_regex=None, packages_above=None, packages_above_and_dependencies=None, packages_above_depth=None, packages_select_by_dep=None, packages_skip_by_dep=None, packages_skip_up_to=None, packages_select_build_failed=False, packages_skip_build_finished=False, packages_select_test_failures=False, packages_skip_test_passed=False, packages_select=['py_listentalk'], packages_skip=None, packages_select_regex=None, packages_skip_regex=None, packages_start=None, packages_end=None, allow_overriding=[], cmake_args=None, cmake_target=None, cmake_target_skip_unavailable=False, cmake_clean_cache=False, cmake_clean_first=False, cmake_force_configure=False, ament_cmake_args=None, catkin_cmake_args=None, catkin_skip_building_tests=False, verb_parser=<colcon_defaults.argument_parser.defaults.DefaultArgumentsDecorator object at 0xffffa9185180>, verb_extension=<colcon_core.verb.build.BuildVerb object at 0xffffa9bbea70>, main=<bound method BuildVerb.main of <colcon_core.verb.build.BuildVerb object at 0xffffa9bbea70>>)
[7.890s] Level 1:colcon.colcon_core.package_discovery:discover_packages(colcon_meta) check parameters
[7.891s] Level 1:colcon.colcon_core.package_discovery:discover_packages(recursive) check parameters
[7.891s] Level 1:colcon.colcon_core.package_discovery:discover_packages(ignore) check parameters
[7.891s] Level 1:colcon.colcon_core.package_discovery:discover_packages(path) check parameters
[7.891s] Level 1:colcon.colcon_core.package_discovery:discover_packages(colcon_meta) discover
[7.892s] Level 1:colcon.colcon_core.package_discovery:discover_packages(recursive) discover
[7.892s] INFO:colcon.colcon_core.package_discovery:Crawling recursively for packages in '/home/pi/przejsciowka/src/py_listentalk/py_listentalk'
[7.893s] Level 1:colcon.colcon_core.package_identification:_identify(.) by extensions ['ignore', 'ignore_ament_install']
[7.894s] Level 1:colcon.colcon_core.package_identification:_identify(.) by extension 'ignore'
[7.895s] Level 1:colcon.colcon_core.package_identification:_identify(.) by extension 'ignore_ament_install'
[7.895s] Level 1:colcon.colcon_core.package_identification:_identify(.) by extensions ['colcon_pkg']
[7.896s] Level 1:colcon.colcon_core.package_identification:_identify(.) by extension 'colcon_pkg'
[7.896s] Level 1:colcon.colcon_core.package_identification:_identify(.) by extensions ['colcon_meta']
[7.896s] Level 1:colcon.colcon_core.package_identification:_identify(.) by extension 'colcon_meta'
[7.897s] Level 1:colcon.colcon_core.package_identification:_identify(.) by extensions ['ros']
[7.897s] Level 1:colcon.colcon_core.package_identification:_identify(.) by extension 'ros'
[8.010s] Level 1:colcon.colcon_core.package_identification:_identify(.) by extensions ['cmake', 'python']
[8.011s] Level 1:colcon.colcon_core.package_identification:_identify(.) by extension 'cmake'
[8.011s] Level 1:colcon.colcon_core.package_identification:_identify(.) by extension 'python'
[8.012s] Level 1:colcon.colcon_core.package_identification:_identify(.) by extensions ['python_setup_py']
[8.012s] Level 1:colcon.colcon_core.package_identification:_identify(.) by extension 'python_setup_py'
[8.013s] Level 1:colcon.colcon_core.package_identification:_identify(build) by extensions ['ignore', 'ignore_ament_install']
[8.014s] Level 1:colcon.colcon_core.package_identification:_identify(build) by extension 'ignore'
[8.014s] Level 1:colcon.colcon_core.package_identification:_identify(build) ignored
[8.015s] Level 1:colcon.colcon_core.package_identification:_identify(install) by extensions ['ignore', 'ignore_ament_install']
[8.016s] Level 1:colcon.colcon_core.package_identification:_identify(install) by extension 'ignore'
[8.017s] Level 1:colcon.colcon_core.package_identification:_identify(install) ignored
[8.018s] Level 1:colcon.colcon_core.package_identification:_identify(log) by extensions ['ignore', 'ignore_ament_install']
[8.019s] Level 1:colcon.colcon_core.package_identification:_identify(log) by extension 'ignore'
[8.019s] Level 1:colcon.colcon_core.package_identification:_identify(log) ignored
[8.020s] Level 1:colcon.colcon_core.package_discovery:discover_packages(recursive) using defaults
[8.020s] Level 1:colcon.colcon_core.package_discovery:discover_packages(ignore) discover
[8.020s] Level 1:colcon.colcon_core.package_discovery:discover_packages(ignore) using defaults
[8.021s] Level 1:colcon.colcon_core.package_discovery:discover_packages(path) discover
[8.021s] Level 1:colcon.colcon_core.package_discovery:discover_packages(path) using defaults
[8.032s] WARNING:colcon.colcon_core.package_selection:ignoring unknown package 'py_listentalk' in --packages-select
[8.508s] Level 1:colcon.colcon_core.package_discovery:discover_packages(prefix_path) check parameters
[8.509s] Level 1:colcon.colcon_core.package_discovery:discover_packages(prefix_path) discover
[8.556s] DEBUG:colcon.colcon_installed_package_information.package_discovery:Found 180 installed packages in /opt/ros/humble
[8.567s] Level 1:colcon.colcon_core.package_discovery:discover_packages(prefix_path) using defaults
[9.642s] INFO:colcon.colcon_core.executor:Executing jobs using 'parallel' executor
[9.671s] DEBUG:colcon.colcon_parallel_executor.executor.parallel:run_until_complete
[9.672s] DEBUG:colcon.colcon_parallel_executor.executor.parallel:closing loop
[9.674s] DEBUG:colcon.colcon_parallel_executor.executor.parallel:loop closed
[9.674s] DEBUG:colcon.colcon_parallel_executor.executor.parallel:run_until_complete finished with '0'
[9.675s] DEBUG:colcon.colcon_core.event_reactor:joining thread
[9.826s] INFO:colcon.colcon_core.plugin_system:Skipping extension 'colcon_notification.desktop_notification.notify_send': Could not find 'notify-send'
[9.827s] INFO:colcon.colcon_core.plugin_system:Skipping extension 'colcon_notification.desktop_notification.terminal_notifier': Not used on non-Darwin systems
[9.828s] INFO:colcon.colcon_core.plugin_system:Skipping extension 'colcon_notification.desktop_notification.win32': Not used on non-Windows systems
[9.828s] INFO:colcon.colcon_notification.desktop_notification:Sending desktop notification using 'notify2'
[10.166s] DEBUG:colcon.colcon_notification.desktop_notification.notify2:Failed to initialize notify2: org.freedesktop.DBus.Error.ServiceUnknown: The name org.freedesktop.Notifications was not provided by any .service files
[10.167s] DEBUG:colcon.colcon_core.event_reactor:joined thread
[10.210s] INFO:colcon.colcon_core.plugin_system:Skipping extension 'colcon_core.shell.bat': Not used on non-Windows systems
[10.212s] INFO:colcon.colcon_core.shell:Creating prefix script '/home/pi/przejsciowka/src/py_listentalk/py_listentalk/install/local_setup.ps1'
[10.222s] INFO:colcon.colcon_core.shell:Creating prefix util module '/home/pi/przejsciowka/src/py_listentalk/py_listentalk/install/_local_setup_util_ps1.py'
[10.237s] INFO:colcon.colcon_core.shell:Creating prefix chain script '/home/pi/przejsciowka/src/py_listentalk/py_listentalk/install/setup.ps1'
[10.250s] INFO:colcon.colcon_core.shell:Creating prefix script '/home/pi/przejsciowka/src/py_listentalk/py_listentalk/install/local_setup.sh'
[10.258s] INFO:colcon.colcon_core.shell:Creating prefix util module '/home/pi/przejsciowka/src/py_listentalk/py_listentalk/install/_local_setup_util_sh.py'
[10.263s] INFO:colcon.colcon_core.shell:Creating prefix chain script '/home/pi/przejsciowka/src/py_listentalk/py_listentalk/install/setup.sh'
[10.321s] INFO:colcon.colcon_core.shell:Creating prefix script '/home/pi/przejsciowka/src/py_listentalk/py_listentalk/install/local_setup.bash'
[10.327s] INFO:colcon.colcon_core.shell:Creating prefix chain script '/home/pi/przejsciowka/src/py_listentalk/py_listentalk/install/setup.bash'
[10.340s] INFO:colcon.colcon_core.shell:Creating prefix script '/home/pi/przejsciowka/src/py_listentalk/py_listentalk/install/local_setup.zsh'
[10.345s] INFO:colcon.colcon_core.shell:Creating prefix chain script '/home/pi/przejsciowka/src/py_listentalk/py_listentalk/install/setup.zsh'
